<?xml version="1.0" encoding="UTF-8"?>
<!-- Generated by org.testng.reporters.JUnitXMLReporter -->
<testsuite ignored="0" hostname="DESKTOP-8I30DAH" failures="0" tests="5" name="TestDashboard" time="300.466" errors="0" timestamp="2022-04-05T17:38:17 IST">
  <testcase classname="com.test.shlok.TestDashBoard" name="dashBoardCounts" time="31.017"/>
  <testcase classname="com.test.shlok.TestDashBoard" name="recentNotification" time="7.006"/>
  <testcase classname="com.test.shlok.TestDashBoard" name="upcomingEvents" time="6.994"/>
  <testcase classname="com.test.shlok.TestDashBoard" name="fetchModule" time="31.285"/>
  <testcase classname="com.test.shlok.TestDashBoard" name="selectBranchAndFetchDashboardDetails" time="16.856"/>
</testsuite> <!-- TestDashboard -->
