<?xml version="1.0" encoding="UTF-8"?>
<!-- Generated by org.testng.reporters.JUnitXMLReporter -->
<testsuite ignored="0" hostname="DESKTOP-978OTPB" failures="4" tests="6" name="TestLoginPage" time="66.615" errors="0" timestamp="2022-03-31T17:52:50 IST">
  <testcase classname="com.test.shlok.TestLogin" name="positiveTC" time="5.793"/>
  <testcase classname="com.test.shlok.TestLogin" name="negativeTC_1" time="0.263">
    <failure type="java.lang.AssertionError" message="The following asserts failed:
	expected [SHLOK | Admin Dashboard] but found [SHLOK]">
      <![CDATA[java.lang.AssertionError: The following asserts failed:
expected [SHLOK | Admin Dashboard] but found [SHLOK]
at com.pages.shlok.LoginPage.loginWithBlankUNandPW(LoginPage.java:121)
at com.test.shlok.TestLogin.negativeTC_1(TestLogin.java:26)
at java.base/java.util.ArrayList.forEach(ArrayList.java:1511)
... Removed 29 stack frames]]>
    </failure>
  </testcase> <!-- negativeTC_1 -->
  <testcase classname="com.test.shlok.TestLogin" name="negativeTC_2" time="1.579"/>
  <testcase classname="com.test.shlok.TestLogin" name="negativeTC_3" time="1.348">
    <failure type="java.lang.AssertionError" message="The following asserts failed:
	expected [SHLOK | Admin Dashboard] but found [SHLOK]">
      <![CDATA[java.lang.AssertionError: The following asserts failed:
expected [SHLOK | Admin Dashboard] but found [SHLOK]
at com.pages.shlok.LoginPage.loginWithInvalidPW(LoginPage.java:91)
at com.test.shlok.TestLogin.negativeTC_3(TestLogin.java:38)
at java.base/java.util.ArrayList.forEach(ArrayList.java:1511)
... Removed 29 stack frames]]>
    </failure>
  </testcase> <!-- negativeTC_3 -->
  <testcase classname="com.test.shlok.TestLogin" name="negativeTC_4" time="1.308">
    <failure type="java.lang.AssertionError" message="The following asserts failed:
	expected [SHLOK | Admin Dashboard] but found [SHLOK]">
      <![CDATA[java.lang.AssertionError: The following asserts failed:
expected [SHLOK | Admin Dashboard] but found [SHLOK]
at com.pages.shlok.LoginPage.loginWithInvalidUN(LoginPage.java:105)
at com.test.shlok.TestLogin.negativeTC_4(TestLogin.java:44)
at java.base/java.util.ArrayList.forEach(ArrayList.java:1511)
... Removed 29 stack frames]]>
    </failure>
  </testcase> <!-- negativeTC_4 -->
  <testcase classname="com.test.shlok.TestLogin" name="negativeTC_5" time="1.255">
    <failure type="java.lang.AssertionError" message="The following asserts failed:
	expected [SHLOK | Admin Dashboard] but found [SHLOK]">
      <![CDATA[java.lang.AssertionError: The following asserts failed:
expected [SHLOK | Admin Dashboard] but found [SHLOK]
at com.pages.shlok.LoginPage.loginWithWrongUN(LoginPage.java:138)
at com.test.shlok.TestLogin.negativeTC_5(TestLogin.java:50)
at java.base/java.util.ArrayList.forEach(ArrayList.java:1511)
... Removed 29 stack frames]]>
    </failure>
  </testcase> <!-- negativeTC_5 -->
</testsuite> <!-- TestLoginPage -->
