<?xml version="1.0" encoding="UTF-8"?>
<!-- Generated by org.testng.reporters.JUnitXMLReporter -->
<testsuite ignored="0" hostname="DESKTOP-978OTPB" failures="1" tests="1" name="Test" time="19.663" errors="0" timestamp="2022-03-24T00:23:11 IST">
  <testcase classname="com.test.shlok.TestManageSubAdmin" name="dataSubmit" time="12.314">
    <failure type="java.lang.NullPointerException" message="Cannot invoke &amp;quot;org.openqa.selenium.WebDriver.findElements(org.openqa.selenium.By)&amp;quot; because &amp;quot;this.driver&amp;quot; is null">
      <![CDATA[java.lang.NullPointerException: Cannot invoke "org.openqa.selenium.WebDriver.findElements(org.openqa.selenium.By)" because "this.driver" is null
at com.pages.shlok.ManageSubadmin.checkAddedName(ManageSubadmin.java:107)
at com.test.shlok.TestManageSubAdmin.dataSubmit(TestManageSubAdmin.java:23)
at java.base/java.util.ArrayList.forEach(ArrayList.java:1511)
... Removed 27 stack frames]]>
    </failure>
  </testcase> <!-- dataSubmit -->
</testsuite> <!-- Test -->
