<?xml version="1.0" encoding="UTF-8"?>
<!-- Generated by org.testng.reporters.JUnitXMLReporter -->
<testsuite ignored="0" hostname="DESKTOP-978OTPB" failures="0" tests="6" name="Manage Sub Admin" time="151.507" errors="0" timestamp="2022-03-25T13:59:16 IST">
  <testcase classname="com.test.shlok.TestManageSubAdmin" name="login" time="5.244"/>
  <testcase classname="com.test.shlok.TestManageSubAdmin" name="homepage" time="6.514"/>
  <testcase classname="com.test.shlok.TestManageSubAdmin" name="submitPositiveData" time="17.977"/>
  <testcase classname="com.test.shlok.TestManageSubAdmin" name="submitDataWithInvalidEmail" time="12.676"/>
  <testcase classname="com.test.shlok.TestManageSubAdmin" name="submitDataWithInvalidContactNo" time="11.046"/>
  <testcase classname="com.test.shlok.TestManageSubAdmin" name="submitDataWithInvalidPassword" time="12.965"/>
</testsuite> <!-- Manage Sub Admin -->
